<?xml version="1.0" encoding="UTF-8"?>
<!-- Generated by org.testng.reporters.JUnitReportReporter -->
<testsuite hostname="DESKTOP-OCKT99G" failures="0" tests="2" name="testrunners.CucumberTestRunner" time="0.642" errors="0" timestamp="18 Mar 2024 19:03:11 GMT" skipped="0">
  <testcase classname="testrunners.CucumberTestRunner" name="runScenario" time="0.321"/>
  <testcase classname="testrunners.CucumberTestRunner" name="runScenario" time="0.321"/>
</testsuite> <!-- testrunners.CucumberTestRunner -->
