<?xml version="1.0" encoding="UTF-8"?>
<!-- Generated by org.testng.reporters.JUnitReportReporter -->
<testsuite hostname="DESKTOP-OCKT99G" failures="0" tests="2" name="testrunners.CucumberTestRunner" time="1.028" errors="0" timestamp="2024-03-17T19:21:22 BDT" skipped="0">
  <testcase classname="testrunners.CucumberTestRunner" name="runScenario" time="0.514"/>
  <testcase classname="testrunners.CucumberTestRunner" name="runScenario" time="0.514"/>
</testsuite> <!-- testrunners.CucumberTestRunner -->
